app/build/outputs/logs/manifest-merger-debug-report.txt
-- Merging decision tree log ---
manifest
ADDED from src/main/AndroidManifest.xml:2:1-74:12
	package
		ADDED from src/main/AndroidManifest.xml:3:5-30
		INJECTED from src/main/AndroidManifest.xml
		INJECTED from src/main/AndroidManifest.xml
	android:versionName
		ADDED from src/main/AndroidManifest.xml:5:5-32
		INJECTED from src/main/AndroidManifest.xml
		INJECTED from src/main/AndroidManifest.xml
	android:versionCode
		ADDED from src/main/AndroidManifest.xml:4:5-30
		INJECTED from src/main/AndroidManifest.xml
		INJECTED from src/main/AndroidManifest.xml
	xmlns:android
		ADDED from src/main/AndroidManifest.xml:2:11-69
uses-sdk
ADDED from src/main/AndroidManifest.xml:7:5-9:41
MERGED from [com.android.support:appcompat-v7:18.0.0] AndroidManifest.xml:18:5-42
	android:targetSdkVersion
		ADDED from src/main/AndroidManifest.xml:9:9-38
		INJECTED from src/main/AndroidManifest.xml
		INJECTED from src/main/AndroidManifest.xml
	android:minSdkVersion
		ADDED from src/main/AndroidManifest.xml:8:9-35
		INJECTED from src/main/AndroidManifest.xml
		INJECTED from src/main/AndroidManifest.xml
uses-permission#android.permission.INTERNET
ADDED from src/main/AndroidManifest.xml:11:5-67
	android:name
		ADDED from src/main/AndroidManifest.xml:11:22-64
uses-permission#android.permission.RECEIVE_BOOT_COMPLETED
ADDED from src/main/AndroidManifest.xml:12:5-81
	android:name
		ADDED from src/main/AndroidManifest.xml:12:22-78
uses-permission#android.permission.SYSTEM_ALERT_WINDOW
ADDED from src/main/AndroidManifest.xml:13:5-78
	android:name
		ADDED from src/main/AndroidManifest.xml:13:22-75
uses-permission#android.permission.GET_TASKS
ADDED from src/main/AndroidManifest.xml:14:5-68
	android:name
		ADDED from src/main/AndroidManifest.xml:14:22-65
uses-permission#android.permission.ACCESS_NETWORK_STATE
ADDED from src/main/AndroidManifest.xml:15:5-79
	android:name
		ADDED from src/main/AndroidManifest.xml:15:22-76
uses-permission#android.permission.READ_PHONE_STATE
ADDED from src/main/AndroidManifest.xml:16:5-75
	android:name
		ADDED from src/main/AndroidManifest.xml:16:22-72
uses-permission#android.permission.READ_LOGS
ADDED from src/main/AndroidManifest.xml:17:5-68
	android:name
		ADDED from src/main/AndroidManifest.xml:17:22-65
uses-permission#android.permission.WRITE_EXTERNAL_STORAGE
ADDED from src/main/AndroidManifest.xml:18:5-81
	android:name
		ADDED from src/main/AndroidManifest.xml:18:22-78
uses-permission#android.permission.BLUETOOTH
ADDED from src/main/AndroidManifest.xml:19:5-68
	android:name
		ADDED from src/main/AndroidManifest.xml:19:22-65
uses-permission#android.permission.BLUETOOTH_ADMIN
ADDED from src/main/AndroidManifest.xml:20:5-74
	android:name
		ADDED from src/main/AndroidManifest.xml:20:22-71
uses-permission#android.permission.RESTART_PACKAGES
ADDED from src/main/AndroidManifest.xml:21:5-75
	android:name
		ADDED from src/main/AndroidManifest.xml:21:22-72
uses-permission#android.permission.RECORD_AUDIO
ADDED from src/main/AndroidManifest.xml:22:5-71
	android:name
		ADDED from src/main/AndroidManifest.xml:22:22-68
uses-permission#android.permission.MOUNT_UNMOUNT_FILESYSTEMS
ADDED from src/main/AndroidManifest.xml:23:5-84
	android:name
		ADDED from src/main/AndroidManifest.xml:23:22-81
uses-permission#android.permission.READ_EXTERNAL_STORAGE
ADDED from src/main/AndroidManifest.xml:24:5-80
	android:name
		ADDED from src/main/AndroidManifest.xml:24:22-77
uses-permission#android.permission.ACCESS_WIFI_STATE
ADDED from src/main/AndroidManifest.xml:25:5-76
	android:name
		ADDED from src/main/AndroidManifest.xml:25:22-73
uses-permission#android.permission.VIBRATE
ADDED from src/main/AndroidManifest.xml:26:5-66
	android:name
		ADDED from src/main/AndroidManifest.xml:26:22-63
application
ADDED from src/main/AndroidManifest.xml:28:5-72:19
MERGED from [com.android.support:appcompat-v7:18.0.0] AndroidManifest.xml:19:5-20
	android:label
		ADDED from src/main/AndroidManifest.xml:32:9-41
	android:supportsRtl
		ADDED from src/main/AndroidManifest.xml:33:9-35
	android:allowBackup
		ADDED from src/main/AndroidManifest.xml:30:9-35
	android:icon
		ADDED from src/main/AndroidManifest.xml:31:9-45
	android:theme
		ADDED from src/main/AndroidManifest.xml:34:9-48
	android:name
		ADDED from src/main/AndroidManifest.xml:29:9-38
meta-data#BUGLY_APPID
ADDED from src/main/AndroidManifest.xml:38:9-40:42
	android:value
		ADDED from src/main/AndroidManifest.xml:40:13-39
	android:name
		ADDED from src/main/AndroidManifest.xml:39:13-39
meta-data#BUGLY_APP_VERSION
ADDED from src/main/AndroidManifest.xml:43:9-45:37
	android:value
		ADDED from src/main/AndroidManifest.xml:45:13-34
	android:name
		ADDED from src/main/AndroidManifest.xml:44:13-45
meta-data#BUGLY_APP_CHANNEL
ADDED from src/main/AndroidManifest.xml:47:9-49:38
	android:value
		ADDED from src/main/AndroidManifest.xml:49:13-35
	android:name
		ADDED from src/main/AndroidManifest.xml:48:13-45
meta-data#BUGLY_ENABLE_DEBUG
ADDED from src/main/AndroidManifest.xml:51:9-53:36
	android:value
		ADDED from src/main/AndroidManifest.xml:53:13-33
	android:name
		ADDED from src/main/AndroidManifest.xml:52:13-46
activity#com.jm.hrhelper.activity.MainActivity
ADDED from src/main/AndroidManifest.xml:56:9-64:20
	android:label
		ADDED from src/main/AndroidManifest.xml:58:13-45
	android:name
		ADDED from src/main/AndroidManifest.xml:57:13-50
intent-filter#android.intent.action.MAIN+android.intent.category.LAUNCHER
ADDED from src/main/AndroidManifest.xml:59:13-63:29
action#android.intent.action.MAIN
ADDED from src/main/AndroidManifest.xml:60:17-69
	android:name
		ADDED from src/main/AndroidManifest.xml:60:25-66
category#android.intent.category.LAUNCHER
ADDED from src/main/AndroidManifest.xml:62:17-77
	android:name
		ADDED from src/main/AndroidManifest.xml:62:27-74
activity#com.jm.hrhelper.activity.UserZengjianActivity
ADDED from src/main/AndroidManifest.xml:65:9-67
	android:name
		ADDED from src/main/AndroidManifest.xml:65:19-64
activity#com.jm.hrhelper.activity.SetBumenActivity
ADDED from src/main/AndroidManifest.xml:66:9-63
	android:name
		ADDED from src/main/AndroidManifest.xml:66:19-60
activity#com.jm.hrhelper.activity.SetZhiwActivity
ADDED from src/main/AndroidManifest.xml:67:9-62
	android:name
		ADDED from src/main/AndroidManifest.xml:67:19-59
activity#com.jm.hrhelper.activity.SetEmailformatActivity
ADDED from src/main/AndroidManifest.xml:68:9-69
	android:name
		ADDED from src/main/AndroidManifest.xml:68:19-66
activity#com.jm.hrhelper.activity.SetBuzhuActivity
ADDED from src/main/AndroidManifest.xml:69:9-63
	android:name
		ADDED from src/main/AndroidManifest.xml:69:19-60
activity#com.jm.hrhelper.activity.SetKoukActivity
ADDED from src/main/AndroidManifest.xml:70:9-62
	android:name
		ADDED from src/main/AndroidManifest.xml:70:19-59
activity#com.jm.hrhelper.activity.SetJianglActivity
ADDED from src/main/AndroidManifest.xml:71:9-73
	android:name
		ADDED from src/main/AndroidManifest.xml:71:19-61